<?xml version="1.0" encoding="UTF-8"?>
<testsuites name="Login Feature" time="41.376" tests="2" failures="0" errors="0">
   <testsuite name="Login Feature" tests="2" failures="0" errors="0" time="41.376" skipped="0" timestamp="2023-06-07 19:27:02" hostname="SAMUEL - ROG-GL503GE" id="Test Suites/Login Feature">
      <properties>
         <property name="deviceName" value=""/>
         <property name="devicePlatform" value=""/>
         <property name="logFolder" value="C:\\Users\\SAMUEL\\git\\KatalonGit\\Reports\\20230607_192657\\Login Feature\\20230607_192657"/>
         <property name="logFiles" value="C:\\Users\\SAMUEL\\git\\KatalonGit\\Reports\\20230607_192657\\Login Feature\\20230607_192657\\execution0.log"/>
         <property name="attachments" value=""/>
         <property name="hostName" value="SAMUEL - ROG-GL503GE"/>
         <property name="os" value="Windows 10 64bit"/>
         <property name="katalonVersion" value="8.6.0.208"/>
         <property name="browser" value="Chrome 114.0.0.0"/>
         <property name="hostAddress" value="192.168.1.9"/>
         <property name="sessionId" value="2785b386a33410a3c0e023d7c351fb49"/>
         <property name="seleniumVersion" value="3.141.59"/>
         <property name="proxyInformation" value="ProxyInformation { proxyOption=NO_PROXY, proxyServerType=HTTP, username=, password=********, proxyServerAddress=, proxyServerPort=0, executionList=&quot;&quot;, isApplyToDesiredCapabilities=true }"/>
         <property name="platform" value="Windows 10"/>
      </properties>
      <testcase name="Test Cases/Pages/Step Definition/FeatureLogin/Login01 - User Login Using Valid Credential" time="22.335" classname="Test Cases/Pages/Step Definition/FeatureLogin/Login01 - User Login Using Valid Credential" status="PASSED">
         <system-out><![CDATA[2023-06-07 19:27:07 - [TEST_CASE][PASSED] - Test Cases/Pages/Step Definition/FeatureLogin/Login01 - User Login Using Valid Credential: Test Cases/Pages/Step Definition/FeatureLogin/Login01 - User Login Using Valid Credential

2023-06-07 19:27:07 - [TEST_STEP][PASSED] - Start listener action : beforeTestCase: Navigate to 'https://www.saucedemo.com/' successfully

2023-06-07 19:27:07 - [TEST_STEP][PASSED] - logInfo("Test Case: " + testCaseContext.getTestCaseId()): Test Case: Test Cases/Pages/Step Definition/FeatureLogin/Login01 - User Login Using Valid Credential

2023-06-07 19:27:07 - [MESSAGE][INFO] - Test Case: Test Cases/Pages/Step Definition/FeatureLogin/Login01 - User Login Using Valid Credential

2023-06-07 19:27:07 - [TEST_STEP][PASSED] - openBrowser(): null

2023-06-07 19:27:07 - [TEST_STEP][PASSED] - openBrowser(""): Browser is opened with url: ''

2023-06-07 19:27:07 - [MESSAGE][WARNING] - A browser is already opened. Closing browser and opening a new one

2023-06-07 19:27:08 - [MESSAGE][INFO] - Starting 'Chrome' driver

2023-06-07 19:27:08 - [MESSAGE][INFO] - Action delay is set to 0 milliseconds

2023-06-07 19:27:10 - [MESSAGE][PASSED] - Browser is opened with url: ''

2023-06-07 19:27:10 - [TEST_STEP][PASSED] - maximizeWindow(): Current window maximized

2023-06-07 19:27:10 - [MESSAGE][PASSED] - Current window maximized

2023-06-07 19:27:10 - [TEST_STEP][PASSED] - navigateToUrl("https://www.saucedemo.com/"): Navigate to 'https://www.saucedemo.com/' successfully

2023-06-07 19:27:10 - [MESSAGE][PASSED] - Navigate to 'https://www.saucedemo.com/' successfully

2023-06-07 19:27:11 - [TEST_STEP][PASSED] - callTestCase(findTestCase("Pages/Link"), [:], STOP_ON_FAILURE): Call Test Case 'Test Cases/Pages/Link' successfully

2023-06-07 19:27:11 - [TEST_CASE][PASSED] - Test Cases/Pages/Link: Test Cases/Pages/Link

2023-06-07 19:27:11 - [TEST_STEP][PASSED] - navigateToUrl("https://magento.softwaretestingboard.com/"): Navigate to 'https://magento.softwaretestingboard.com/' successfully

2023-06-07 19:27:13 - [MESSAGE][PASSED] - Navigate to 'https://magento.softwaretestingboard.com/' successfully

2023-06-07 19:27:13 - [MESSAGE][PASSED] - Call Test Case 'Test Cases/Pages/Link' successfully

2023-06-07 19:27:13 - [TEST_STEP][PASSED] - callTestCase(findTestCase("Pages/HomePage/Click Signin"), [:], STOP_ON_FAILURE): Call Test Case 'Test Cases/Pages/HomePage/Click Signin' successfully

2023-06-07 19:27:14 - [TEST_CASE][PASSED] - Test Cases/Pages/HomePage/Click Signin: Test Cases/Pages/HomePage/Click Signin

2023-06-07 19:27:14 - [TEST_STEP][PASSED] - click(findTestObject("Page_Home Page/a_Sign In")): Object: 'Object Repository/Page_Home Page/a_Sign In' is clicked on

2023-06-07 19:27:17 - [MESSAGE][PASSED] - Object: 'Object Repository/Page_Home Page/a_Sign In' is clicked on

2023-06-07 19:27:17 - [MESSAGE][PASSED] - Call Test Case 'Test Cases/Pages/HomePage/Click Signin' successfully

2023-06-07 19:27:17 - [TEST_STEP][PASSED] - callTestCase(findTestCase("Pages/Login/Verify Element"), [:], STOP_ON_FAILURE): Call Test Case 'Test Cases/Pages/Login/Verify Element' successfully

2023-06-07 19:27:17 - [TEST_CASE][PASSED] - Test Cases/Pages/Login/Verify Element: Test Cases/Pages/Login/Verify Element

2023-06-07 19:27:17 - [TEST_STEP][PASSED] - verifyElementVisible(findTestObject("Page_Customer Login/button_Sign In")): Object 'Object Repository/Page_Customer Login/button_Sign In' is visible

2023-06-07 19:27:18 - [MESSAGE][PASSED] - Object 'Object Repository/Page_Customer Login/button_Sign In' is visible

2023-06-07 19:27:18 - [TEST_STEP][PASSED] - verifyElementVisible(findTestObject("Page_Customer Login/span_Sign In")): Object 'Object Repository/Page_Customer Login/span_Sign In' is visible

2023-06-07 19:27:18 - [MESSAGE][PASSED] - Object 'Object Repository/Page_Customer Login/span_Sign In' is visible

2023-06-07 19:27:18 - [TEST_STEP][PASSED] - verifyElementVisible(findTestObject("Page_Customer Login/input_Email_loginusername")): Object 'Object Repository/Page_Customer Login/input_Email_loginusername' is visible

2023-06-07 19:27:19 - [MESSAGE][PASSED] - Object 'Object Repository/Page_Customer Login/input_Email_loginusername' is visible

2023-06-07 19:27:19 - [TEST_STEP][PASSED] - verifyElementVisible(findTestObject("Page_Customer Login/input_Password_loginpassword")): Object 'Object Repository/Page_Customer Login/input_Password_loginpassword' is visible

2023-06-07 19:27:19 - [MESSAGE][PASSED] - Object 'Object Repository/Page_Customer Login/input_Password_loginpassword' is visible

2023-06-07 19:27:19 - [MESSAGE][PASSED] - Call Test Case 'Test Cases/Pages/Login/Verify Element' successfully

2023-06-07 19:27:19 - [TEST_STEP][PASSED] - callTestCase(findTestCase("Pages/Login/Input Username"), ["username":"firstlast@email.com"], STOP_ON_FAILURE): Call Test Case 'Test Cases/Pages/Login/Input Username' successfully

2023-06-07 19:27:19 - [TEST_CASE][PASSED] - Test Cases/Pages/Login/Input Username: Test Cases/Pages/Login/Input Username

2023-06-07 19:27:19 - [TEST_STEP][PASSED] - clearText(findTestObject("Page_Customer Login/input_Email_loginusername"), STOP_ON_FAILURE): Text of object 'Object Repository/Page_Customer Login/input_Email_loginusername' is cleared

2023-06-07 19:27:20 - [MESSAGE][PASSED] - Text of object 'Object Repository/Page_Customer Login/input_Email_loginusername' is cleared

2023-06-07 19:27:20 - [TEST_STEP][PASSED] - sendKeys(findTestObject("Page_Customer Login/input_Email_loginusername"), username): Keys 'firstlast@email.com' sent to object: 'Object Repository/Page_Customer Login/input_Email_loginusername'

2023-06-07 19:27:20 - [MESSAGE][PASSED] - Keys 'firstlast@email.com' sent to object: 'Object Repository/Page_Customer Login/input_Email_loginusername'

2023-06-07 19:27:20 - [MESSAGE][PASSED] - Call Test Case 'Test Cases/Pages/Login/Input Username' successfully

2023-06-07 19:27:20 - [TEST_STEP][PASSED] - callTestCase(findTestCase("Pages/Login/Input Password"), ["password":"Pass.123"], STOP_ON_FAILURE): Call Test Case 'Test Cases/Pages/Login/Input Password' successfully

2023-06-07 19:27:20 - [TEST_CASE][PASSED] - Test Cases/Pages/Login/Input Password: Test Cases/Pages/Login/Input Password

2023-06-07 19:27:21 - [TEST_STEP][PASSED] - clearText(findTestObject("Page_Customer Login/input_Password_loginpassword"), STOP_ON_FAILURE): Text of object 'Object Repository/Page_Customer Login/input_Password_loginpassword' is cleared

2023-06-07 19:27:21 - [MESSAGE][PASSED] - Text of object 'Object Repository/Page_Customer Login/input_Password_loginpassword' is cleared

2023-06-07 19:27:21 - [TEST_STEP][PASSED] - sendKeys(findTestObject("Page_Customer Login/input_Password_loginpassword"), password): Keys 'Pass.123' sent to object: 'Object Repository/Page_Customer Login/input_Password_loginpassword'

2023-06-07 19:27:22 - [MESSAGE][PASSED] - Keys 'Pass.123' sent to object: 'Object Repository/Page_Customer Login/input_Password_loginpassword'

2023-06-07 19:27:22 - [MESSAGE][PASSED] - Call Test Case 'Test Cases/Pages/Login/Input Password' successfully

2023-06-07 19:27:22 - [TEST_STEP][PASSED] - callTestCase(findTestCase("Pages/Login/Click Login"), [:], STOP_ON_FAILURE): Call Test Case 'Test Cases/Pages/Login/Click Login' successfully

2023-06-07 19:27:22 - [TEST_CASE][PASSED] - Test Cases/Pages/Login/Click Login: Test Cases/Pages/Login/Click Login

2023-06-07 19:27:22 - [TEST_STEP][PASSED] - click(findTestObject("Page_Customer Login/button_Sign In")): Object: 'Object Repository/Page_Customer Login/button_Sign In' is clicked on

2023-06-07 19:27:25 - [MESSAGE][PASSED] - Object: 'Object Repository/Page_Customer Login/button_Sign In' is clicked on

2023-06-07 19:27:25 - [MESSAGE][PASSED] - Call Test Case 'Test Cases/Pages/Login/Click Login' successfully

2023-06-07 19:27:25 - [TEST_STEP][PASSED] - callTestCase(findTestCase("Pages/HomePage/SuccessLogin"), [:], STOP_ON_FAILURE): Call Test Case 'Test Cases/Pages/HomePage/SuccessLogin' successfully

2023-06-07 19:27:25 - [TEST_CASE][PASSED] - Test Cases/Pages/HomePage/SuccessLogin: Test Cases/Pages/HomePage/SuccessLogin

2023-06-07 19:27:25 - [TEST_STEP][PASSED] - verifyElementVisible(findTestObject("Page_Home Page/span_Welcome, First Last")): Object 'Object Repository/Page_Home Page/span_Welcome, First Last' is visible

2023-06-07 19:27:28 - [MESSAGE][PASSED] - Object 'Object Repository/Page_Home Page/span_Welcome, First Last' is visible

2023-06-07 19:27:28 - [MESSAGE][PASSED] - Call Test Case 'Test Cases/Pages/HomePage/SuccessLogin' successfully

2023-06-07 19:27:28 - [TEST_STEP][PASSED] - Start listener action : afterTestCase: Browser is closed

2023-06-07 19:27:28 - [TEST_STEP][PASSED] - logInfo("Test Case: " + testCaseContext.getTestCaseId()): Test Case: Test Cases/Pages/Step Definition/FeatureLogin/Login01 - User Login Using Valid Credential

2023-06-07 19:27:28 - [MESSAGE][INFO] - Test Case: Test Cases/Pages/Step Definition/FeatureLogin/Login01 - User Login Using Valid Credential

2023-06-07 19:27:28 - [TEST_STEP][PASSED] - closeBrowser(): null

2023-06-07 19:27:28 - [TEST_STEP][PASSED] - closeBrowser(): Browser is closed

2023-06-07 19:27:29 - [MESSAGE][PASSED] - Browser is closed]]></system-out>
         <system-err><![CDATA[]]></system-err>
      </testcase>
      <testcase name="Test Cases/Pages/Step Definition/FeatureLogin/Login02 - User Login Without Username or Email" time="14.108" classname="Test Cases/Pages/Step Definition/FeatureLogin/Login02 - User Login Without Username or Email" status="PASSED">
         <system-out><![CDATA[2023-06-07 19:27:29 - [TEST_CASE][PASSED] - Test Cases/Pages/Step Definition/FeatureLogin/Login02 - User Login Without Username or Email: Test Cases/Pages/Step Definition/FeatureLogin/Login02 - User Login Without Username or Email

2023-06-07 19:27:29 - [TEST_STEP][PASSED] - Start listener action : beforeTestCase: Navigate to 'https://www.saucedemo.com/' successfully

2023-06-07 19:27:29 - [TEST_STEP][PASSED] - logInfo("Test Case: " + testCaseContext.getTestCaseId()): Test Case: Test Cases/Pages/Step Definition/FeatureLogin/Login02 - User Login Without Username or Email

2023-06-07 19:27:29 - [MESSAGE][INFO] - Test Case: Test Cases/Pages/Step Definition/FeatureLogin/Login02 - User Login Without Username or Email

2023-06-07 19:27:29 - [TEST_STEP][PASSED] - openBrowser(): null

2023-06-07 19:27:29 - [TEST_STEP][PASSED] - openBrowser(""): Browser is opened with url: ''

2023-06-07 19:27:29 - [MESSAGE][INFO] - Starting 'Chrome' driver

2023-06-07 19:27:29 - [MESSAGE][INFO] - Action delay is set to 0 milliseconds

2023-06-07 19:27:31 - [MESSAGE][PASSED] - Browser is opened with url: ''

2023-06-07 19:27:31 - [TEST_STEP][PASSED] - maximizeWindow(): Current window maximized

2023-06-07 19:27:31 - [MESSAGE][PASSED] - Current window maximized

2023-06-07 19:27:31 - [TEST_STEP][PASSED] - navigateToUrl("https://www.saucedemo.com/"): Navigate to 'https://www.saucedemo.com/' successfully

2023-06-07 19:27:32 - [MESSAGE][PASSED] - Navigate to 'https://www.saucedemo.com/' successfully

2023-06-07 19:27:32 - [TEST_STEP][PASSED] - callTestCase(findTestCase("Pages/Link"), [:], STOP_ON_FAILURE): Call Test Case 'Test Cases/Pages/Link' successfully

2023-06-07 19:27:32 - [TEST_CASE][PASSED] - Test Cases/Pages/Link: Test Cases/Pages/Link

2023-06-07 19:27:32 - [TEST_STEP][PASSED] - navigateToUrl("https://magento.softwaretestingboard.com/"): Navigate to 'https://magento.softwaretestingboard.com/' successfully

2023-06-07 19:27:34 - [MESSAGE][PASSED] - Navigate to 'https://magento.softwaretestingboard.com/' successfully

2023-06-07 19:27:34 - [MESSAGE][PASSED] - Call Test Case 'Test Cases/Pages/Link' successfully

2023-06-07 19:27:34 - [TEST_STEP][PASSED] - callTestCase(findTestCase("Pages/HomePage/Click Signin"), [:], STOP_ON_FAILURE): Call Test Case 'Test Cases/Pages/HomePage/Click Signin' successfully

2023-06-07 19:27:34 - [TEST_CASE][PASSED] - Test Cases/Pages/HomePage/Click Signin: Test Cases/Pages/HomePage/Click Signin

2023-06-07 19:27:34 - [TEST_STEP][PASSED] - click(findTestObject("Page_Home Page/a_Sign In")): Object: 'Object Repository/Page_Home Page/a_Sign In' is clicked on

2023-06-07 19:27:37 - [MESSAGE][PASSED] - Object: 'Object Repository/Page_Home Page/a_Sign In' is clicked on

2023-06-07 19:27:37 - [MESSAGE][PASSED] - Call Test Case 'Test Cases/Pages/HomePage/Click Signin' successfully

2023-06-07 19:27:37 - [TEST_STEP][PASSED] - callTestCase(findTestCase("Pages/Login/Verify Element"), [:], STOP_ON_FAILURE): Call Test Case 'Test Cases/Pages/Login/Verify Element' successfully

2023-06-07 19:27:38 - [TEST_CASE][PASSED] - Test Cases/Pages/Login/Verify Element: Test Cases/Pages/Login/Verify Element

2023-06-07 19:27:38 - [TEST_STEP][PASSED] - verifyElementVisible(findTestObject("Page_Customer Login/button_Sign In")): Object 'Object Repository/Page_Customer Login/button_Sign In' is visible

2023-06-07 19:27:38 - [MESSAGE][PASSED] - Object 'Object Repository/Page_Customer Login/button_Sign In' is visible

2023-06-07 19:27:38 - [TEST_STEP][PASSED] - verifyElementVisible(findTestObject("Page_Customer Login/span_Sign In")): Object 'Object Repository/Page_Customer Login/span_Sign In' is visible

2023-06-07 19:27:39 - [MESSAGE][PASSED] - Object 'Object Repository/Page_Customer Login/span_Sign In' is visible

2023-06-07 19:27:39 - [TEST_STEP][PASSED] - verifyElementVisible(findTestObject("Page_Customer Login/input_Email_loginusername")): Object 'Object Repository/Page_Customer Login/input_Email_loginusername' is visible

2023-06-07 19:27:39 - [MESSAGE][PASSED] - Object 'Object Repository/Page_Customer Login/input_Email_loginusername' is visible

2023-06-07 19:27:39 - [TEST_STEP][PASSED] - verifyElementVisible(findTestObject("Page_Customer Login/input_Password_loginpassword")): Object 'Object Repository/Page_Customer Login/input_Password_loginpassword' is visible

2023-06-07 19:27:39 - [MESSAGE][PASSED] - Object 'Object Repository/Page_Customer Login/input_Password_loginpassword' is visible

2023-06-07 19:27:39 - [MESSAGE][PASSED] - Call Test Case 'Test Cases/Pages/Login/Verify Element' successfully

2023-06-07 19:27:39 - [TEST_STEP][PASSED] - callTestCase(findTestCase("Pages/Login/Input Username"), ["username":""], STOP_ON_FAILURE): Call Test Case 'Test Cases/Pages/Login/Input Username' successfully

2023-06-07 19:27:40 - [TEST_CASE][PASSED] - Test Cases/Pages/Login/Input Username: Test Cases/Pages/Login/Input Username

2023-06-07 19:27:40 - [TEST_STEP][PASSED] - clearText(findTestObject("Page_Customer Login/input_Email_loginusername"), STOP_ON_FAILURE): Text of object 'Object Repository/Page_Customer Login/input_Email_loginusername' is cleared

2023-06-07 19:27:40 - [MESSAGE][PASSED] - Text of object 'Object Repository/Page_Customer Login/input_Email_loginusername' is cleared

2023-06-07 19:27:40 - [TEST_STEP][PASSED] - sendKeys(findTestObject("Page_Customer Login/input_Email_loginusername"), username): Keys '' sent to object: 'Object Repository/Page_Customer Login/input_Email_loginusername'

2023-06-07 19:27:40 - [MESSAGE][PASSED] - Keys '' sent to object: 'Object Repository/Page_Customer Login/input_Email_loginusername'

2023-06-07 19:27:40 - [MESSAGE][PASSED] - Call Test Case 'Test Cases/Pages/Login/Input Username' successfully

2023-06-07 19:27:40 - [TEST_STEP][PASSED] - callTestCase(findTestCase("Pages/Login/Input Password"), ["password":"Pass.123"], STOP_ON_FAILURE): Call Test Case 'Test Cases/Pages/Login/Input Password' successfully

2023-06-07 19:27:40 - [TEST_CASE][PASSED] - Test Cases/Pages/Login/Input Password: Test Cases/Pages/Login/Input Password

2023-06-07 19:27:40 - [TEST_STEP][PASSED] - clearText(findTestObject("Page_Customer Login/input_Password_loginpassword"), STOP_ON_FAILURE): Text of object 'Object Repository/Page_Customer Login/input_Password_loginpassword' is cleared

2023-06-07 19:27:41 - [MESSAGE][PASSED] - Text of object 'Object Repository/Page_Customer Login/input_Password_loginpassword' is cleared

2023-06-07 19:27:41 - [TEST_STEP][PASSED] - sendKeys(findTestObject("Page_Customer Login/input_Password_loginpassword"), password): Keys 'Pass.123' sent to object: 'Object Repository/Page_Customer Login/input_Password_loginpassword'

2023-06-07 19:27:41 - [MESSAGE][PASSED] - Keys 'Pass.123' sent to object: 'Object Repository/Page_Customer Login/input_Password_loginpassword'

2023-06-07 19:27:41 - [MESSAGE][PASSED] - Call Test Case 'Test Cases/Pages/Login/Input Password' successfully

2023-06-07 19:27:41 - [TEST_STEP][PASSED] - callTestCase(findTestCase("Pages/Login/Click Login"), [:], STOP_ON_FAILURE): Call Test Case 'Test Cases/Pages/Login/Click Login' successfully

2023-06-07 19:27:41 - [TEST_CASE][PASSED] - Test Cases/Pages/Login/Click Login: Test Cases/Pages/Login/Click Login

2023-06-07 19:27:41 - [TEST_STEP][PASSED] - click(findTestObject("Page_Customer Login/button_Sign In")): Object: 'Object Repository/Page_Customer Login/button_Sign In' is clicked on

2023-06-07 19:27:42 - [MESSAGE][PASSED] - Object: 'Object Repository/Page_Customer Login/button_Sign In' is clicked on

2023-06-07 19:27:42 - [MESSAGE][PASSED] - Call Test Case 'Test Cases/Pages/Login/Click Login' successfully

2023-06-07 19:27:42 - [TEST_STEP][PASSED] - callTestCase(findTestCase("Pages/Login/Verify Required Username"), ["expected":""], STOP_ON_FAILURE): Call Test Case 'Test Cases/Pages/Login/Verify Required Username' successfully

2023-06-07 19:27:42 - [TEST_CASE][PASSED] - Test Cases/Pages/Login/Verify Required Username: Test Cases/Pages/Login/Verify Required Username

2023-06-07 19:27:42 - [TEST_STEP][PASSED] - verifyElementVisible(findTestObject("Page_Customer Login/div_This is a required field"), STOP_ON_FAILURE): Object 'Object Repository/Page_Customer Login/div_This is a required field' is visible

2023-06-07 19:27:43 - [MESSAGE][PASSED] - Object 'Object Repository/Page_Customer Login/div_This is a required field' is visible

2023-06-07 19:27:43 - [MESSAGE][PASSED] - Call Test Case 'Test Cases/Pages/Login/Verify Required Username' successfully

2023-06-07 19:27:43 - [TEST_STEP][PASSED] - Start listener action : afterTestCase: Browser is closed

2023-06-07 19:27:43 - [TEST_STEP][PASSED] - logInfo("Test Case: " + testCaseContext.getTestCaseId()): Test Case: Test Cases/Pages/Step Definition/FeatureLogin/Login02 - User Login Without Username or Email

2023-06-07 19:27:43 - [MESSAGE][INFO] - Test Case: Test Cases/Pages/Step Definition/FeatureLogin/Login02 - User Login Without Username or Email

2023-06-07 19:27:43 - [TEST_STEP][PASSED] - closeBrowser(): null

2023-06-07 19:27:43 - [TEST_STEP][PASSED] - closeBrowser(): Browser is closed

2023-06-07 19:27:43 - [MESSAGE][PASSED] - Browser is closed]]></system-out>
         <system-err><![CDATA[]]></system-err>
      </testcase>
      <system-out><![CDATA[2023-06-07 19:27:02 - [TEST_SUITE][PASSED] - Login Feature: Test Cases/Pages/Step Definition/FeatureLogin/Login02 - User Login Without Username or Email]]></system-out>
      <system-err><![CDATA[]]></system-err>
   </testsuite>
</testsuites>
